1633595331715	geckodriver	INFO	Listening on 127.0.0.1:59955
1633595332719	mozrunner::runner	INFO	Running command: "/usr/bin/firefox" "--marionette" "-headless" "-foreground" "-no-remote" "-profile" "/tmp/rust_mozprofilem3BKl6"
*** You are running in headless mode.
1633595333016	Marionette	INFO	Marionette enabled
[GFX1-]: RenderCompositorSWGL failed mapping default framebuffer, no dt
console.warn: SearchSettings: "get: No settings file exists, new profile?" (new NotFoundError("Could not open the file at /tmp/rust_mozprofilem3BKl6/search.json.mozlz4", (void 0)))
1633595333718	Marionette	INFO	Listening on port 46019
1633595333738	RemoteAgent	WARN	TLS certificate errors will be ignored for this session
JavaScript warning: https://www.marinetraffic.com/js/mtapp.404.db20e0.js, line 1: WEBGL_debug_renderer_info is deprecated in Firefox and will be removed. Please use RENDERER.
JavaScript error: resource://gre/modules/XULStore.jsm, line 66: Error: Can't find profile directory.
JavaScript error: resource://gre/modules/XULStore.jsm, line 66: Error: Can't find profile directory.
1633595385067	geckodriver	INFO	Listening on 127.0.0.1:34577
1633595385069	mozrunner::runner	INFO	Running command: "/usr/bin/firefox" "--marionette" "-headless" "-foreground" "-no-remote" "-profile" "/tmp/rust_mozprofileSBC4jG"
*** You are running in headless mode.
1633595385384	Marionette	INFO	Marionette enabled
[GFX1-]: RenderCompositorSWGL failed mapping default framebuffer, no dt
console.warn: SearchSettings: "get: No settings file exists, new profile?" (new NotFoundError("Could not open the file at /tmp/rust_mozprofileSBC4jG/search.json.mozlz4", (void 0)))
1633595386075	Marionette	INFO	Listening on port 39005
1633595386182	RemoteAgent	WARN	TLS certificate errors will be ignored for this session
JavaScript warning: https://www.marinetraffic.com/js/mtapp.404.db20e0.js, line 1: WEBGL_debug_renderer_info is deprecated in Firefox and will be removed. Please use RENDERER.
JavaScript error: resource://gre/modules/XULStore.jsm, line 66: Error: Can't find profile directory.
JavaScript error: resource://gre/modules/XULStore.jsm, line 66: Error: Can't find profile directory.
1633595415515	geckodriver	INFO	Listening on 127.0.0.1:46015
1633595415517	mozrunner::runner	INFO	Running command: "/usr/bin/firefox" "--marionette" "-headless" "-foreground" "-no-remote" "-profile" "/tmp/rust_mozprofileLgUp1K"
*** You are running in headless mode.
1633595415819	Marionette	INFO	Marionette enabled
[GFX1-]: RenderCompositorSWGL failed mapping default framebuffer, no dt
console.warn: SearchSettings: "get: No settings file exists, new profile?" (new NotFoundError("Could not open the file at /tmp/rust_mozprofileLgUp1K/search.json.mozlz4", (void 0)))
1633595416511	Marionette	INFO	Listening on port 41135
1633595416530	RemoteAgent	WARN	TLS certificate errors will be ignored for this session
JavaScript warning: https://www.marinetraffic.com/js/mtapp.404.db20e0.js, line 1: WEBGL_debug_renderer_info is deprecated in Firefox and will be removed. Please use RENDERER.
JavaScript error: resource://gre/modules/XULStore.jsm, line 66: Error: Can't find profile directory.
JavaScript error: resource://gre/modules/XULStore.jsm, line 66: Error: Can't find profile directory.
console.log: WebExtensions: reset-default-search: starting.
console.log: WebExtensions: reset-default-search: No addons in our list are installed.
console.log: WebExtensions: reset-default-search: starting.
console.log: WebExtensions: reset-default-search: No addons in our list are installed.
console.log: WebExtensions: reset-default-search: starting.
console.log: WebExtensions: reset-default-search: No addons in our list are installed.
1633597516759	geckodriver	INFO	Listening on 127.0.0.1:50733
1633597516761	mozrunner::runner	INFO	Running command: "/usr/bin/firefox" "--marionette" "-headless" "-foreground" "-no-remote" "-profile" "/tmp/rust_mozprofilegEfq4x"
*** You are running in headless mode.
1633597517048	Marionette	INFO	Marionette enabled
[GFX1-]: RenderCompositorSWGL failed mapping default framebuffer, no dt
console.warn: SearchSettings: "get: No settings file exists, new profile?" (new NotFoundError("Could not open the file at /tmp/rust_mozprofilegEfq4x/search.json.mozlz4", (void 0)))
1633597517740	Marionette	INFO	Listening on port 38723
1633597517774	RemoteAgent	WARN	TLS certificate errors will be ignored for this session
JavaScript warning: https://www.marinetraffic.com/js/mtapp.404.db20e0.js, line 1: WEBGL_debug_renderer_info is deprecated in Firefox and will be removed. Please use RENDERER.
JavaScript error: resource://gre/modules/XULStore.jsm, line 66: Error: Can't find profile directory.
JavaScript error: resource://gre/modules/XULStore.jsm, line 66: Error: Can't find profile directory.
1633597522375	geckodriver	INFO	Listening on 127.0.0.1:42321
1633597522376	mozrunner::runner	INFO	Running command: "/usr/bin/firefox" "--marionette" "-headless" "-foreground" "-no-remote" "-profile" "/tmp/rust_mozprofileQfxjWM"
*** You are running in headless mode.
1633597522666	Marionette	INFO	Marionette enabled
[GFX1-]: RenderCompositorSWGL failed mapping default framebuffer, no dt
console.warn: SearchSettings: "get: No settings file exists, new profile?" (new NotFoundError("Could not open the file at /tmp/rust_mozprofileQfxjWM/search.json.mozlz4", (void 0)))
1633597523332	Marionette	INFO	Listening on port 42091
1633597523387	RemoteAgent	WARN	TLS certificate errors will be ignored for this session
JavaScript warning: https://www.marinetraffic.com/js/mtapp.404.db20e0.js, line 1: WEBGL_debug_renderer_info is deprecated in Firefox and will be removed. Please use RENDERER.
JavaScript error: resource://gre/modules/XULStore.jsm, line 66: Error: Can't find profile directory.
JavaScript error: resource://gre/modules/XULStore.jsm, line 66: Error: Can't find profile directory.
console.log: WebExtensions: reset-default-search: starting.
console.log: WebExtensions: reset-default-search: No addons in our list are installed.
console.log: WebExtensions: reset-default-search: starting.
console.log: WebExtensions: reset-default-search: No addons in our list are installed.
1633599849745	geckodriver	INFO	Listening on 127.0.0.1:33143
1633599849747	mozrunner::runner	INFO	Running command: "/usr/bin/firefox" "--marionette" "-headless" "-foreground" "-no-remote" "-profile" "/tmp/rust_mozprofilemXyKrZ"
*** You are running in headless mode.
1633599850074	Marionette	INFO	Marionette enabled
[GFX1-]: RenderCompositorSWGL failed mapping default framebuffer, no dt
console.warn: SearchSettings: "get: No settings file exists, new profile?" (new NotFoundError("Could not open the file at /tmp/rust_mozprofilemXyKrZ/search.json.mozlz4", (void 0)))
1633599850750	Marionette	INFO	Listening on port 33253
1633599850863	RemoteAgent	WARN	TLS certificate errors will be ignored for this session
JavaScript warning: https://www.marinetraffic.com/js/mtapp.404.db20e0.js, line 1: WEBGL_debug_renderer_info is deprecated in Firefox and will be removed. Please use RENDERER.
JavaScript error: resource://gre/modules/XULStore.jsm, line 66: Error: Can't find profile directory.
JavaScript error: resource://gre/modules/XULStore.jsm, line 66: Error: Can't find profile directory.
1633599898216	geckodriver	INFO	Listening on 127.0.0.1:60965
1633599898218	mozrunner::runner	INFO	Running command: "/usr/bin/firefox" "--marionette" "-headless" "-foreground" "-no-remote" "-profile" "/tmp/rust_mozprofile1mxROT"
*** You are running in headless mode.
1633599898520	Marionette	INFO	Marionette enabled
[GFX1-]: RenderCompositorSWGL failed mapping default framebuffer, no dt
console.warn: SearchSettings: "get: No settings file exists, new profile?" (new NotFoundError("Could not open the file at /tmp/rust_mozprofile1mxROT/search.json.mozlz4", (void 0)))
1633599899221	Marionette	INFO	Listening on port 41011
1633599899333	RemoteAgent	WARN	TLS certificate errors will be ignored for this session
JavaScript warning: https://www.marinetraffic.com/js/mtapp.404.db20e0.js, line 1: WEBGL_debug_renderer_info is deprecated in Firefox and will be removed. Please use RENDERER.
JavaScript error: resource://gre/modules/XULStore.jsm, line 66: Error: Can't find profile directory.
JavaScript error: resource://gre/modules/XULStore.jsm, line 66: Error: Can't find profile directory.
1633599928490	geckodriver	INFO	Listening on 127.0.0.1:51013
1633599928491	mozrunner::runner	INFO	Running command: "/usr/bin/firefox" "--marionette" "-headless" "-foreground" "-no-remote" "-profile" "/tmp/rust_mozprofileZCUP37"
*** You are running in headless mode.
1633599928778	Marionette	INFO	Marionette enabled
[GFX1-]: RenderCompositorSWGL failed mapping default framebuffer, no dt
console.warn: SearchSettings: "get: No settings file exists, new profile?" (new NotFoundError("Could not open the file at /tmp/rust_mozprofileZCUP37/search.json.mozlz4", (void 0)))
1633599929481	Marionette	INFO	Listening on port 38947
1633599930931	RemoteAgent	WARN	TLS certificate errors will be ignored for this session
JavaScript warning: https://www.marinetraffic.com/js/mtapp.404.db20e0.js, line 1: WEBGL_debug_renderer_info is deprecated in Firefox and will be removed. Please use RENDERER.
JavaScript error: resource://gre/modules/XULStore.jsm, line 66: Error: Can't find profile directory.
JavaScript error: resource://gre/modules/XULStore.jsm, line 66: Error: Can't find profile directory.
1633600064683	geckodriver	INFO	Listening on 127.0.0.1:40131
1633600064685	mozrunner::runner	INFO	Running command: "/usr/bin/firefox" "--marionette" "-headless" "-foreground" "-no-remote" "-profile" "/tmp/rust_mozprofileRcQNFd"
*** You are running in headless mode.
1633600064968	Marionette	INFO	Marionette enabled
[GFX1-]: RenderCompositorSWGL failed mapping default framebuffer, no dt
console.warn: SearchSettings: "get: No settings file exists, new profile?" (new NotFoundError("Could not open the file at /tmp/rust_mozprofileRcQNFd/search.json.mozlz4", (void 0)))
1633600065650	Marionette	INFO	Listening on port 46713
1633600065699	RemoteAgent	WARN	TLS certificate errors will be ignored for this session
JavaScript warning: https://www.marinetraffic.com/js/mtapp.404.db20e0.js, line 1: WEBGL_debug_renderer_info is deprecated in Firefox and will be removed. Please use RENDERER.
JavaScript error: resource://gre/modules/XULStore.jsm, line 66: Error: Can't find profile directory.
JavaScript error: resource://gre/modules/XULStore.jsm, line 66: Error: Can't find profile directory.
1633600078936	geckodriver	INFO	Listening on 127.0.0.1:40433
1633600078937	mozrunner::runner	INFO	Running command: "/usr/bin/firefox" "--marionette" "-headless" "-foreground" "-no-remote" "-profile" "/tmp/rust_mozprofileAxPxY7"
*** You are running in headless mode.
1633600079223	Marionette	INFO	Marionette enabled
[GFX1-]: RenderCompositorSWGL failed mapping default framebuffer, no dt
console.warn: SearchSettings: "get: No settings file exists, new profile?" (new NotFoundError("Could not open the file at /tmp/rust_mozprofileAxPxY7/search.json.mozlz4", (void 0)))
1633600079923	Marionette	INFO	Listening on port 45431
1633600079952	RemoteAgent	WARN	TLS certificate errors will be ignored for this session
JavaScript warning: https://www.marinetraffic.com/js/mtapp.404.db20e0.js, line 1: WEBGL_debug_renderer_info is deprecated in Firefox and will be removed. Please use RENDERER.
JavaScript error: resource://gre/modules/XULStore.jsm, line 66: Error: Can't find profile directory.
JavaScript error: resource://gre/modules/XULStore.jsm, line 66: Error: Can't find profile directory.
console.log: WebExtensions: reset-default-search: starting.
console.log: WebExtensions: reset-default-search: No addons in our list are installed.
console.log: WebExtensions: reset-default-search: starting.
console.log: WebExtensions: reset-default-search: No addons in our list are installed.
console.log: WebExtensions: reset-default-search: starting.
console.log: WebExtensions: reset-default-search: No addons in our list are installed.
console.log: WebExtensions: reset-default-search: starting.
console.log: WebExtensions: reset-default-search: No addons in our list are installed.
console.log: WebExtensions: reset-default-search: starting.
console.log: WebExtensions: reset-default-search: No addons in our list are installed.
